"../../../Engine/Content/Functions/Engine_MaterialFunctions01/Shading/PowerToRoughness.uexp" 0
"../../../Engine/Content/Functions/Engine_MaterialFunctions01/Shading/PowerToRoughness.uasset" 1
"../../../Engine/Content/Functions/Engine_MaterialFunctions01/Shading/ConvertFromDiffSpec.uexp" 2
"../../../Engine/Content/Functions/Engine_MaterialFunctions01/Shading/ConvertFromDiffSpec.uasset" 3
"../../../Engine/Content/EngineSounds/Master.uexp" 4
"../../../Engine/Content/EngineSounds/Master.uasset" 5
"../../../Engine/Content/EngineSky/VolumetricClouds/CloudWeatherTexture.uexp" 6
"../../../Engine/Content/EngineSky/VolumetricClouds/CloudWeatherTexture.uasset" 7
"../../../Engine/Content/Functions/Engine_MaterialFunctions02/Utility/MakeFloat2.uexp" 8
"../../../Engine/Content/Functions/Engine_MaterialFunctions02/Utility/MakeFloat2.uasset" 9
"../../../Engine/Content/EngineSky/VolumetricClouds/CloudGradientTexture.uexp" 10
"../../../Engine/Content/EngineSky/VolumetricClouds/CloudGradientTexture.uasset" 11
"../../../Engine/Content/EngineSky/VolumetricClouds/T_NoiseShape64.ubulk" 12
"../../../Engine/Content/EngineSky/VolumetricClouds/T_NoiseShape64.uexp" 13
"../../../Engine/Content/EngineSky/VolumetricClouds/T_NoiseShape64.uasset" 14
"../../../Engine/Content/EngineSky/VolumetricClouds/T_VolumeNoiseShape64.uasset" 15
"../../../Engine/Content/EngineSky/VolumetricClouds/T_VolumeNoiseShape64.uexp" 16
"../../../Engine/Content/EngineSky/VolumetricClouds/T_NoiseErosion.ubulk" 17
"../../../Engine/Content/EngineSky/VolumetricClouds/T_NoiseErosion.uexp" 18
"../../../Engine/Content/EngineSky/VolumetricClouds/T_NoiseErosion.uasset" 19
"../../../Engine/Content/EngineSky/VolumetricClouds/T_VolumeNoiseErosion32.uasset" 20
"../../../Engine/Content/EngineSky/VolumetricClouds/T_VolumeNoiseErosion32.uexp" 21
"../../../Engine/Content/EngineSky/VolumetricClouds/m_SimpleVolumetricCloud.uasset" 22
"../../../Engine/Content/EngineSky/VolumetricClouds/m_SimpleVolumetricCloud.uexp" 23
"../../../Engine/Content/EngineSky/VolumetricClouds/m_SimpleVolumetricCloud_Inst.uexp" 24
"../../../Engine/Content/EngineSky/VolumetricClouds/m_SimpleVolumetricCloud_Inst.uasset" 25
"../../../Engine/Content/EngineResources/GradientTexture0.uexp" 26
"../../../Engine/Content/EngineResources/GradientTexture0.uasset" 27
"../../../Engine/Content/EngineResources/DefaultVolumeTexture2D.uexp" 28
"../../../Engine/Content/EngineResources/DefaultVolumeTexture2D.uasset" 29
"../../../Engine/Content/EngineResources/DefaultVolumeTexture.uexp" 30
"../../../Engine/Content/EngineResources/DefaultVolumeTexture.uasset" 31
"../../../Engine/Content/EngineResources/Black.uasset" 32
"../../../Engine/Content/EngineResources/Black.uexp" 33
"../../../Engine/Content/EngineResources/DefaultTexture.uasset" 34
"../../../Engine/Content/EngineResources/DefaultTexture.uexp" 35
"../../../Engine/Content/EngineResources/DefaultTexture.ubulk" 36
"../../../Engine/Content/EngineResources/DefaultTextureCube.uasset" 37
"../../../Engine/Content/EngineResources/DefaultTextureCube.uexp" 38
"../../../Engine/Content/EngineResources/FilmGrains/Marcie_Grain_v3_128_M2_000.uexp" 39
"../../../Engine/Content/EngineResources/FilmGrains/Marcie_Grain_v3_128_M2_000.uasset" 40
"../../../Engine/Content/EngineMeshes/Sphere.uexp" 41
"../../../Engine/Content/EngineMeshes/Sphere.ubulk" 42
"../../../Engine/Content/EngineMeshes/Sphere.uasset" 43
"../../../Engine/Content/EngineMaterials/DefaultWhiteGrid.ubulk" 44
"../../../Engine/Content/EngineMaterials/DefaultWhiteGrid.uexp" 45
"../../../Engine/Content/EngineMaterials/DefaultWhiteGrid.uasset" 46
"../../../Engine/Content/EngineMaterials/MiniFont.uexp" 47
"../../../Engine/Content/EngineMaterials/MiniFont.uasset" 48
"../../../Engine/Content/EngineMaterials/DefaultLightFunctionMaterial.uasset" 49
"../../../Engine/Content/EngineMaterials/DefaultLightFunctionMaterial.uexp" 50
"../../../Engine/Content/EngineMaterials/DefaultBokeh.uexp" 51
"../../../Engine/Content/EngineMaterials/DefaultBokeh.uasset" 52
"../../../Engine/Content/EngineResources/WhiteSquareTexture.uexp" 53
"../../../Engine/Content/EngineResources/WhiteSquareTexture.uasset" 54
"../../../Engine/Content/EngineMaterials/Widget3DPassThrough.uexp" 55
"../../../Engine/Content/EngineMaterials/Widget3DPassThrough.uasset" 56
"../../../Engine/Content/EngineMaterials/Widget3DPassThrough_Opaque.uasset" 57
"../../../Engine/Content/EngineMaterials/Widget3DPassThrough_Opaque.uexp" 58
"../../../Engine/Content/EngineMaterials/Widget3DPassThrough_Opaque_OneSided.uasset" 59
"../../../Engine/Content/EngineMaterials/Widget3DPassThrough_Opaque_OneSided.uexp" 60
"../../../Engine/Content/EngineMaterials/PreintegratedSkinBRDF.uexp" 61
"../../../Engine/Content/EngineMaterials/PreintegratedSkinBRDF.uasset" 62
"../../../Engine/Content/EngineFonts/RobotoDistanceField.uexp" 63
"../../../Engine/Content/EngineFonts/RobotoDistanceField.uasset" 64
"../../../Engine/Content/EngineMaterials/DefaultTextMaterialOpaque.uexp" 65
"../../../Engine/Content/EngineMaterials/DefaultTextMaterialOpaque.uasset" 66
"../../../Engine/Content/EngineMaterials/InvalidLightmapSettings.ubulk" 67
"../../../Engine/Content/EngineMaterials/InvalidLightmapSettings.uasset" 68
"../../../Engine/Content/EngineMaterials/InvalidLightmapSettings.uexp" 69
"../../../Engine/Content/EngineMaterials/M_InvalidLightmapSettings.uexp" 70
"../../../Engine/Content/EngineMaterials/M_InvalidLightmapSettings.uasset" 71
"../../../Engine/Content/EngineMaterials/BaseFlattenEmissiveMap_VT.uexp" 72
"../../../Engine/Content/EngineMaterials/BaseFlattenEmissiveMap_VT.uasset" 73
"../../../Engine/Content/EngineMaterials/BaseFlattenGrayscaleMap_VT.uexp" 74
"../../../Engine/Content/EngineMaterials/BaseFlattenGrayscaleMap_VT.uasset" 75
"../../../Engine/Content/EngineMaterials/BaseFlattenLinearColor_VT.uasset" 76
"../../../Engine/Content/EngineMaterials/BaseFlattenLinearColor_VT.uexp" 77
"../../../Engine/Content/EngineMaterials/Black_1x1_EXR_Texture_VT.uasset" 78
"../../../Engine/Content/EngineMaterials/Black_1x1_EXR_Texture_VT.uexp" 79
"../../../Engine/Content/EngineMaterials/BaseFlattenDiffuseMap_VT.uasset" 80
"../../../Engine/Content/EngineMaterials/BaseFlattenDiffuseMap_VT.uexp" 81
"../../../Engine/Content/EngineMaterials/BaseFlattenNormalMap_VT.uasset" 82
"../../../Engine/Content/EngineMaterials/BaseFlattenNormalMap_VT.uexp" 83
"../../../Engine/Content/EngineMaterials/FlattenMaterial_VT.uasset" 84
"../../../Engine/Content/EngineMaterials/FlattenMaterial_VT.uexp" 85
"../../../Engine/Content/EngineMaterials/DefaultPhysicalMaterial.uasset" 86
"../../../Engine/Content/EngineMaterials/DefaultPhysicalMaterial.uexp" 87
"../../../Engine/Content/EngineMaterials/DefaultDiffuse.ubulk" 88
"../../../Engine/Content/EngineMaterials/DefaultDiffuse.uexp" 89
"../../../Engine/Content/EngineMaterials/DefaultDiffuse.uasset" 90
"../../../Engine/Content/Functions/Engine_MaterialFunctions02/Utility/BreakOutFloat2Components.uasset" 91
"../../../Engine/Content/Functions/Engine_MaterialFunctions02/Utility/BreakOutFloat2Components.uexp" 92
"../../../Engine/Content/EngineMaterials/DefaultPostProcessMaterial.uexp" 93
"../../../Engine/Content/EngineMaterials/DefaultPostProcessMaterial.uasset" 94
"../../../Engine/Content/EngineMaterials/DefaultDeferredDecalMaterial.uexp" 95
"../../../Engine/Content/EngineMaterials/DefaultDeferredDecalMaterial.uasset" 96
"../../../Engine/Content/EngineMaterials/RemoveSurfaceMaterial.uasset" 97
"../../../Engine/Content/EngineMaterials/RemoveSurfaceMaterial.uexp" 98
"../../../Engine/Content/EngineMaterials/FlattenMaterial_WS_Normal_VT.uexp" 99
"../../../Engine/Content/EngineMaterials/FlattenMaterial_WS_Normal_VT.uasset" 100
"../../../Engine/Content/EngineMaterials/DefaultBloomKernel.uexp" 101
"../../../Engine/Content/EngineMaterials/DefaultBloomKernel.uasset" 102
"../../../Engine/Content/EngineMaterials/Good64x64TilingNoiseHighFreq.uasset" 103
"../../../Engine/Content/EngineMaterials/Good64x64TilingNoiseHighFreq.uexp" 104
"../../../Engine/Content/EngineMaterials/Widget3DPassThrough_Masked_OneSided.uexp" 105
"../../../Engine/Content/EngineMaterials/Widget3DPassThrough_Masked_OneSided.uasset" 106
"../../../Engine/Content/EngineMaterials/DefaultWhiteGrid_Low.uasset" 107
"../../../Engine/Content/EngineMaterials/DefaultWhiteGrid_Low.uexp" 108
"../../../Engine/Content/EngineMaterials/EmissiveMeshMaterial.uexp" 109
"../../../Engine/Content/EngineMaterials/EmissiveMeshMaterial.uasset" 110
"../../../Engine/Content/EngineMaterials/BlueNoise.uasset" 111
"../../../Engine/Content/EngineMaterials/BlueNoise.uexp" 112
"../../../Engine/Content/EngineMaterials/BaseFlattenNormalMap.uexp" 113
"../../../Engine/Content/EngineMaterials/BaseFlattenNormalMap.uasset" 114
"../../../Engine/Content/EngineMaterials/BaseFlattenGrayscaleMap.uasset" 115
"../../../Engine/Content/EngineMaterials/BaseFlattenGrayscaleMap.uexp" 116
"../../../Engine/Content/EngineMaterials/BaseFlattenDiffuseMap.uasset" 117
"../../../Engine/Content/EngineMaterials/BaseFlattenDiffuseMap.uexp" 118
"../../../Engine/Content/Functions/Engine_MaterialFunctions02/PivotPainter2/Black_1x1_EXR_Texture.uexp" 119
"../../../Engine/Content/Functions/Engine_MaterialFunctions02/PivotPainter2/Black_1x1_EXR_Texture.uasset" 120
"../../../Engine/Content/EngineMaterials/BaseFlattenEmissiveMap.uexp" 121
"../../../Engine/Content/EngineMaterials/BaseFlattenEmissiveMap.uasset" 122
"../../../Engine/Content/EngineMaterials/BaseFlattenLinearColor.uasset" 123
"../../../Engine/Content/EngineMaterials/BaseFlattenLinearColor.uexp" 124
"../../../Engine/Content/EngineMaterials/FlattenMaterial.uasset" 125
"../../../Engine/Content/EngineMaterials/FlattenMaterial.uexp" 126
"../../../Engine/Content/EngineMaterials/GizmoMaterial.uexp" 127
"../../../Engine/Content/EngineMaterials/GizmoMaterial.uasset" 128
"../../../Engine/Content/EngineMaterials/DefaultDestructiblePhysicalMaterial.uasset" 129
"../../../Engine/Content/EngineMaterials/DefaultDestructiblePhysicalMaterial.uexp" 130
"../../../Engine/Content/Functions/Engine_MaterialFunctions02/WorldPositionOffset/CameraOffset.uexp" 131
"../../../Engine/Content/Functions/Engine_MaterialFunctions02/WorldPositionOffset/CameraOffset.uasset" 132
"../../../Engine/Content/EngineMaterials/PhAT_JointLimitMaterial.uasset" 133
"../../../Engine/Content/EngineMaterials/PhAT_JointLimitMaterial.uexp" 134
"../../../Engine/Content/EngineMaterials/DefaultCalibrationColor.uexp" 135
"../../../Engine/Content/EngineMaterials/DefaultCalibrationColor.uasset" 136
"../../../Engine/Content/EngineMaterials/PPM_DefaultCalibrationColor.uasset" 137
"../../../Engine/Content/EngineMaterials/PPM_DefaultCalibrationColor.uexp" 138
"../../../Engine/Content/EngineMaterials/Widget3DPassThrough_Translucent.uasset" 139
"../../../Engine/Content/EngineMaterials/Widget3DPassThrough_Translucent.uexp" 140
"../../../Engine/Content/EngineMaterials/Widget3DPassThrough_Translucent_OneSided.uasset" 141
"../../../Engine/Content/EngineMaterials/Widget3DPassThrough_Translucent_OneSided.uexp" 142
"../../../Engine/Content/EngineMaterials/WeightMapPlaceholderTexture.uasset" 143
"../../../Engine/Content/EngineMaterials/WeightMapPlaceholderTexture.uexp" 144
"../../../Engine/Content/EngineMaterials/Widget3DPassThrough_Masked.uasset" 145
"../../../Engine/Content/EngineMaterials/Widget3DPassThrough_Masked.uexp" 146
"../../../Engine/Content/EngineMaterials/DefaultCalibrationGrayscale.uexp" 147
"../../../Engine/Content/EngineMaterials/DefaultCalibrationGrayscale.uasset" 148
"../../../Engine/Content/EngineMaterials/PPM_DefaultCalibrationGrayscale.uasset" 149
"../../../Engine/Content/EngineMaterials/PPM_DefaultCalibrationGrayscale.uexp" 150
"../../../Engine/Content/EngineFonts/Faces/RobotoLight.ufont" 151
"../../../Engine/Content/EngineFonts/Faces/RobotoLight.uasset" 152
"../../../Engine/Content/EngineFonts/Faces/RobotoLight.uexp" 153
"../../../Engine/Content/EngineFonts/Faces/RobotoBold.ufont" 154
"../../../Engine/Content/EngineFonts/Faces/RobotoBold.uasset" 155
"../../../Engine/Content/EngineFonts/Faces/RobotoBold.uexp" 156
"../../../Engine/Content/EngineFonts/Faces/RobotoRegular.uasset" 157
"../../../Engine/Content/EngineFonts/Faces/RobotoRegular.uexp" 158
"../../../Engine/Content/EngineFonts/Faces/RobotoRegular.ufont" 159
"../../../Engine/Content/EngineFonts/Faces/DroidSansFallback.uasset" 160
"../../../Engine/Content/EngineFonts/Faces/DroidSansFallback.ufont" 161
"../../../Engine/Content/EngineFonts/Faces/DroidSansFallback.uexp" 162
"../../../Engine/Content/EngineFonts/Faces/RobotoItalic.ufont" 163
"../../../Engine/Content/EngineFonts/Faces/RobotoItalic.uasset" 164
"../../../Engine/Content/EngineFonts/Faces/RobotoItalic.uexp" 165
"../../../Engine/Content/EngineFonts/Faces/RobotoBoldItalic.uasset" 166
"../../../Engine/Content/EngineFonts/Faces/RobotoBoldItalic.uexp" 167
"../../../Engine/Content/EngineFonts/Faces/RobotoBoldItalic.ufont" 168
"../../../Engine/Content/EngineFonts/Roboto.uasset" 169
"../../../Engine/Content/EngineFonts/Roboto.uexp" 170
"../../../Engine/Content/EngineDebugMaterials/DebugMeshMaterial.uexp" 171
"../../../Engine/Content/EngineDebugMaterials/DebugMeshMaterial.uasset" 172
"../../../Engine/Content/EngineDebugMaterials/M_SimpleUnlitTranslucent.uexp" 173
"../../../Engine/Content/EngineDebugMaterials/M_SimpleUnlitTranslucent.uasset" 174
"../../../Engine/Content/Functions/Engine_MaterialFunctions02/Utility/CameraDirectionVector.uexp" 175
"../../../Engine/Content/Functions/Engine_MaterialFunctions02/Utility/CameraDirectionVector.uasset" 176
"../../../Engine/Content/EngineDebugMaterials/VolumeToRender.uexp" 177
"../../../Engine/Content/EngineDebugMaterials/VolumeToRender.uasset" 178
"../../../Engine/Content/EngineDebugMaterials/M_VolumeRenderSphereTracePP.uexp" 179
"../../../Engine/Content/EngineDebugMaterials/M_VolumeRenderSphereTracePP.uasset" 180
"../../../Engine/Content/EngineDebugMaterials/DebugEditorMaterial.uasset" 181
"../../../Engine/Content/EngineDebugMaterials/DebugEditorMaterial.uexp" 182
"../../../Engine/Content/EngineDamageTypes/DmgTypeBP_Environmental.uasset" 183
"../../../Engine/Content/EngineDamageTypes/DmgTypeBP_Environmental.uexp" 184
"../../../Engine/Content/EditorResources/BSPVertex.uexp" 185
"../../../Engine/Content/EditorResources/BSPVertex.uasset" 186
"../../../Engine/Content/EditorResources/EmptyActor.uexp" 187
"../../../Engine/Content/EditorResources/EmptyActor.uasset" 188
"../../../Engine/Content/EditorResources/S_Actor.uexp" 189
"../../../Engine/Content/EditorResources/S_Actor.ubulk" 190
"../../../Engine/Content/EditorResources/S_Actor.uasset" 191
"../../../Engine/Content/EditorResources/S_Trigger.uexp" 192
"../../../Engine/Content/EditorResources/S_Trigger.ubulk" 193
"../../../Engine/Content/EditorResources/S_Trigger.uasset" 194
"../../../Engine/Content/EditorResources/S_Terrain.uasset" 195
"../../../Engine/Content/EditorResources/S_Terrain.uexp" 196
"../../../Engine/Content/EditorResources/S_Terrain.ubulk" 197
"../../../Engine/Content/EditorResources/S_Solver.uasset" 198
"../../../Engine/Content/EditorResources/S_Solver.uexp" 199
"../../../Engine/Content/EditorResources/S_Solver.ubulk" 200
"../../../Engine/Content/EditorResources/S_TriggerCapsule.uexp" 201
"../../../Engine/Content/EditorResources/S_TriggerCapsule.uasset" 202
"../../../Engine/Content/EditorResources/S_BoxReflectionCapture.uasset" 203
"../../../Engine/Content/EditorResources/S_BoxReflectionCapture.uexp" 204
"../../../Engine/Content/EditorResources/S_TriggerBox.uexp" 205
"../../../Engine/Content/EditorResources/S_TriggerBox.uasset" 206
"../../../Engine/Content/EditorResources/S_TriggerSphere.uasset" 207
"../../../Engine/Content/EditorResources/S_TriggerSphere.uexp" 208
"../../../Engine/Content/EditorResources/SequenceRecorder/RecordingIndicator.uexp" 209
"../../../Engine/Content/EditorResources/SequenceRecorder/RecordingIndicator.uasset" 210
"../../../Engine/Content/EditorResources/SequenceRecorder/Countdown.uasset" 211
"../../../Engine/Content/EditorResources/SequenceRecorder/Countdown.uexp" 212
"../../../Engine/Content/EditorMaterials/Camera/CineMat.uasset" 213
"../../../Engine/Content/EditorMaterials/Camera/CineMat.uexp" 214
"../../../Engine/Content/EditorMaterials/Camera/MI_CineMat_Rig.uasset" 215
"../../../Engine/Content/EditorMaterials/Camera/MI_CineMat_Rig.uexp" 216
"../../../Engine/Content/EditorMeshes/Camera/SM_RailRig_Track.uexp" 217
"../../../Engine/Content/EditorMeshes/Camera/SM_RailRig_Track.ubulk" 218
"../../../Engine/Content/EditorMeshes/Camera/SM_RailRig_Track.uasset" 219
"../../../Engine/Content/EditorMeshes/Camera/SM_CraneRig_Arm.ubulk" 220
"../../../Engine/Content/EditorMeshes/Camera/SM_CraneRig_Arm.uexp" 221
"../../../Engine/Content/EditorMeshes/Camera/SM_CraneRig_Arm.uasset" 222
"../../../Engine/Content/EditorMeshes/Camera/SM_CraneRig_Mount.uexp" 223
"../../../Engine/Content/EditorMeshes/Camera/SM_CraneRig_Mount.ubulk" 224
"../../../Engine/Content/EditorMeshes/Camera/SM_CraneRig_Mount.uasset" 225
"../../../Engine/Content/EditorMeshes/Camera/SM_CraneRig_Base.ubulk" 226
"../../../Engine/Content/EditorMeshes/Camera/SM_CraneRig_Base.uexp" 227
"../../../Engine/Content/EditorMeshes/Camera/SM_CraneRig_Base.uasset" 228
"../../../Engine/Content/EditorMeshes/Camera/SM_RailRig_Mount.ubulk" 229
"../../../Engine/Content/EditorMeshes/Camera/SM_RailRig_Mount.uexp" 230
"../../../Engine/Content/EditorMeshes/Camera/SM_RailRig_Mount.uasset" 231
"../../../Engine/Content/EditorMeshes/Camera/SM_CraneRig_Body.ubulk" 232
"../../../Engine/Content/EditorMeshes/Camera/SM_CraneRig_Body.uasset" 233
"../../../Engine/Content/EditorMeshes/Camera/SM_CraneRig_Body.uexp" 234
"../../../Engine/Content/EditorMaterials/MAT_Groups_Visibility.uasset" 235
"../../../Engine/Content/EditorMaterials/MAT_Groups_Visibility.uexp" 236
"../../../Engine/Content/EditorMaterials/MAT_Groups_Toggle.uexp" 237
"../../../Engine/Content/EditorMaterials/MAT_Groups_Toggle.uasset" 238
"../../../Engine/Content/EditorMaterials/PreviewShadowIndicator.uasset" 239
"../../../Engine/Content/EditorMaterials/PreviewShadowIndicator.uexp" 240
"../../../Engine/Content/EditorMaterials/PreviewShadowIndicator.ubulk" 241
"../../../Engine/Content/EditorMaterials/PreviewShadowIndicatorMaterial.uasset" 242
"../../../Engine/Content/EditorMaterials/PreviewShadowIndicatorMaterial.uexp" 243
"../../../Engine/Content/Functions/Engine_MaterialFunctions02/Utility/MakeFloat4.uexp" 244
"../../../Engine/Content/Functions/Engine_MaterialFunctions02/Utility/MakeFloat4.uasset" 245
"../../../Engine/Content/Functions/Engine_MaterialFunctions02/Utility/MakeFloat3.uexp" 246
"../../../Engine/Content/Functions/Engine_MaterialFunctions02/Utility/MakeFloat3.uasset" 247
"../../../Engine/Content/Functions/Engine_MaterialFunctions02/Utility/BreakOutFloat3Components.uasset" 248
"../../../Engine/Content/Functions/Engine_MaterialFunctions02/Utility/BreakOutFloat3Components.uexp" 249
"../../../Engine/Content/EditorMaterials/WorldPartition/WorldPartitionSpatialHashGridPreviewMaterial.uexp" 250
"../../../Engine/Content/EditorMaterials/WorldPartition/WorldPartitionSpatialHashGridPreviewMaterial.uasset" 251
"../../../Engine/Content/EditorMaterials/ParticleSystems/PSysThumbnail_OOD.ubulk" 252
"../../../Engine/Content/EditorMaterials/ParticleSystems/PSysThumbnail_OOD.uexp" 253
"../../../Engine/Content/EditorMaterials/ParticleSystems/PSysThumbnail_OOD.uasset" 254
"../../../Engine/Content/EditorMaterials/ParticleSystems/PSysThumbnail_NoImage.ubulk" 255
"../../../Engine/Content/EditorMaterials/ParticleSystems/PSysThumbnail_NoImage.uexp" 256
"../../../Engine/Content/EditorMaterials/ParticleSystems/PSysThumbnail_NoImage.uasset" 257
"../../../Engine/Content/EditorMaterials/MatineeGroups/MAT_Groups_Slomo.uexp" 258
"../../../Engine/Content/EditorMaterials/MatineeGroups/MAT_Groups_Slomo.uasset" 259
"../../../Engine/Content/EditorMaterials/MatineeGroups/MAT_Groups_Anim.uexp" 260
"../../../Engine/Content/EditorMaterials/MatineeGroups/MAT_Groups_Anim.uasset" 261
"../../../Engine/Content/EditorMaterials/MatineeGroups/MAT_Groups_Fade.uexp" 262
"../../../Engine/Content/EditorMaterials/MatineeGroups/MAT_Groups_Fade.uasset" 263
"../../../Engine/Content/EditorMaterials/MatineeGroups/MAT_Groups_Event.uexp" 264
"../../../Engine/Content/EditorMaterials/MatineeGroups/MAT_Groups_Event.uasset" 265
"../../../Engine/Content/EditorMaterials/MatineeGroups/MAT_Groups_Move.uasset" 266
"../../../Engine/Content/EditorMaterials/MatineeGroups/MAT_Groups_Move.uexp" 267
"../../../Engine/Content/EditorMaterials/MatineeGroups/MAT_Groups_Director.uasset" 268
"../../../Engine/Content/EditorMaterials/MatineeGroups/MAT_Groups_Director.uexp" 269
"../../../Engine/Content/EditorMaterials/MatineeGroups/MAT_Groups_Float.uasset" 270
"../../../Engine/Content/EditorMaterials/MatineeGroups/MAT_Groups_Float.uexp" 271
"../../../Engine/Content/EditorMaterials/MatineeGroups/MAT_Groups_Sound.uasset" 272
"../../../Engine/Content/EditorMaterials/MatineeGroups/MAT_Groups_Sound.uexp" 273
"../../../Engine/Content/EditorMaterials/MatineeGroups/MAT_Groups_AudioMaster.uasset" 274
"../../../Engine/Content/EditorMaterials/MatineeGroups/MAT_Groups_AudioMaster.uexp" 275
"../../../Engine/Content/EditorMaterials/MatineeGroups/MAT_ColorTrack.uasset" 276
"../../../Engine/Content/EditorMaterials/MatineeGroups/MAT_ColorTrack.uexp" 277
"../../../Engine/Content/EditorMaterials/MatineeGroups/MAT_Groups_Vector.uasset" 278
"../../../Engine/Content/EditorMaterials/MatineeGroups/MAT_Groups_Vector.uexp" 279
"../../../Engine/Content/EditorLandscapeResources/DefaultAlphaTexture.uexp" 280
"../../../Engine/Content/EditorLandscapeResources/DefaultAlphaTexture.uasset" 281
"../../../Engine/Content/EditorLandscapeResources/DataLayer.uasset" 282
"../../../Engine/Content/EditorLandscapeResources/DataLayer.uexp" 283
"../../../Engine/Content/EngineMaterials/T_Default_Material_Grid_M.uasset" 284
"../../../Engine/Content/EngineMaterials/T_Default_Material_Grid_M.ubulk" 285
"../../../Engine/Content/EngineMaterials/T_Default_Material_Grid_M.uexp" 286
"../../../Engine/Content/EngineMaterials/T_Default_Material_Grid_N.uasset" 287
"../../../Engine/Content/EngineMaterials/T_Default_Material_Grid_N.uexp" 288
"../../../Engine/Content/EngineMaterials/T_Default_Material_Grid_N.ubulk" 289
"../../../Engine/Content/Functions/Engine_MaterialFunctions01/Opacity/CameraDepthFade.uexp" 290
"../../../Engine/Content/Functions/Engine_MaterialFunctions01/Opacity/CameraDepthFade.uasset" 291
"../../../Engine/Content/EngineMaterials/DefaultMaterial.uasset" 292
"../../../Engine/Content/EngineMaterials/DefaultMaterial.uexp" 293
"../../../Engine/Content/BasicShapes/Sphere.uexp" 294
"../../../Engine/Content/BasicShapes/Sphere.ubulk" 295
"../../../Engine/Content/BasicShapes/Sphere.uasset" 296
"../../../Engine/Content/BasicShapes/Cylinder.uasset" 297
"../../../Engine/Content/BasicShapes/Cylinder.ubulk" 298
"../../../Engine/Content/BasicShapes/Cylinder.uexp" 299
"../../../Engine/Content/EngineMaterials/WorldGridMaterial.uexp" 300
"../../../Engine/Content/EngineMaterials/WorldGridMaterial.uasset" 301
"../../../Engine/Content/BasicShapes/Cube.ubulk" 302
"../../../Engine/Content/BasicShapes/Cube.uasset" 303
"../../../Engine/Content/BasicShapes/Cube.uexp" 304
"../../../Engine/Content/BasicShapes/Cone.uasset" 305
"../../../Engine/Content/BasicShapes/Cone.uexp" 306
"../../../Engine/Content/BasicShapes/Cone.ubulk" 307
"../../../Engine/Content/ArtTools/RenderToTexture/Meshes/S_1_Unit_Plane.uexp" 308
"../../../Engine/Content/ArtTools/RenderToTexture/Meshes/S_1_Unit_Plane.ubulk" 309
"../../../Engine/Content/ArtTools/RenderToTexture/Meshes/S_1_Unit_Plane.uasset" 310
"/Users/rdiaz/GameDev/Unreal/FartyBird/Content/Sprites/FartCloud.uasset" 311
"/Users/rdiaz/GameDev/Unreal/FartyBird/Content/Sprites/FartCloud.uexp" 312
"/Users/rdiaz/GameDev/Unreal/FartyBird/Content/Blueprints/BP_OutBounce.uexp" 313
"/Users/rdiaz/GameDev/Unreal/FartyBird/Content/Blueprints/BP_OutBounce.uasset" 314
"/Users/rdiaz/GameDev/Unreal/FartyBird/Content/Audio/Bite.ubulk" 315
"/Users/rdiaz/GameDev/Unreal/FartyBird/Content/Audio/Bite.uexp" 316
"/Users/rdiaz/GameDev/Unreal/FartyBird/Content/Audio/Bite.uasset" 317
"/Users/rdiaz/GameDev/Unreal/FartyBird/Content/Audio/Birds.ubulk" 318
"/Users/rdiaz/GameDev/Unreal/FartyBird/Content/Audio/Birds.uasset" 319
"/Users/rdiaz/GameDev/Unreal/FartyBird/Content/Audio/Birds.uexp" 320
"../../../Engine/Content/MobileResources/HUD/VirtualJoystick_Background.uexp" 321
"../../../Engine/Content/MobileResources/HUD/VirtualJoystick_Background.uasset" 322
"../../../Engine/Content/MobileResources/HUD/VirtualJoystick_Thumb.uasset" 323
"../../../Engine/Content/MobileResources/HUD/VirtualJoystick_Thumb.uexp" 324
"../../../Engine/Content/MobileResources/HUD/DefaultVirtualJoysticks.uasset" 325
"../../../Engine/Content/MobileResources/HUD/DefaultVirtualJoysticks.uexp" 326
"../../../Engine/Content/Tutorial/ContentIntroCurve.uasset" 327
"../../../Engine/Content/Tutorial/ContentIntroCurve.uexp" 328
"../../../Engine/Content/VREditor/LaserPointer/VR_LaserPower_01.uexp" 329
"../../../Engine/Content/VREditor/LaserPointer/VR_LaserPower_01.ubulk" 330
"../../../Engine/Content/VREditor/LaserPointer/VR_LaserPower_01.uasset" 331
"../../../Engine/Content/VREditor/TransformGizmo/TransformGizmoMaterial.uasset" 332
"../../../Engine/Content/VREditor/TransformGizmo/TransformGizmoMaterial.uexp" 333
"../../../Engine/Content/VREditor/TransformGizmo/TranslucentTransformGizmoMaterial.uasset" 334
"../../../Engine/Content/VREditor/TransformGizmo/TranslucentTransformGizmoMaterial.uexp" 335
"../../../Engine/Content/VREditor/TransformGizmo/BoundingBoxEdge.ubulk" 336
"../../../Engine/Content/VREditor/TransformGizmo/BoundingBoxEdge.uexp" 337
"../../../Engine/Content/VREditor/TransformGizmo/BoundingBoxEdge.uasset" 338
"../../../Engine/Content/VREditor/TransformGizmo/Main.uasset" 339
"../../../Engine/Content/VREditor/TransformGizmo/Main.uexp" 340
"../../../Engine/Content/VREditor/TransformGizmo/Xray.uexp" 341
"../../../Engine/Content/VREditor/TransformGizmo/Xray.uasset" 342
"../../../Engine/Content/VREditor/TransformGizmo/SM_Sequencer_Node.uexp" 343
"../../../Engine/Content/VREditor/TransformGizmo/SM_Sequencer_Node.ubulk" 344
"../../../Engine/Content/VREditor/TransformGizmo/SM_Sequencer_Node.uasset" 345
"../../../Engine/Content/VREditor/TransformGizmo/BoundingBoxCorner.ubulk" 346
"../../../Engine/Content/VREditor/TransformGizmo/BoundingBoxCorner.uasset" 347
"../../../Engine/Content/VREditor/TransformGizmo/BoundingBoxCorner.uexp" 348
"../../../Engine/Content/VREditor/TransformGizmo/PlaneTranslationHandle.ubulk" 349
"../../../Engine/Content/VREditor/TransformGizmo/PlaneTranslationHandle.uasset" 350
"../../../Engine/Content/VREditor/TransformGizmo/PlaneTranslationHandle.uexp" 351
"../../../Engine/Plugins/2D/Paper2D/Content/PlaceholderTextures/DummySpriteTexture.ubulk" 352
"../../../Engine/Plugins/2D/Paper2D/Content/PlaceholderTextures/DummySpriteTexture.uexp" 353
"../../../Engine/Plugins/2D/Paper2D/Content/PlaceholderTextures/DummySpriteTexture.uasset" 354
"../../../Engine/Plugins/2D/Paper2D/Content/DefaultSpriteMaterial.uexp" 355
"../../../Engine/Plugins/2D/Paper2D/Content/DefaultSpriteMaterial.uasset" 356
"../../../Engine/Plugins/2D/Paper2D/Content/MaskedUnlitSpriteMaterial.uexp" 357
"../../../Engine/Plugins/2D/Paper2D/Content/MaskedUnlitSpriteMaterial.uasset" 358
"../../../Engine/Plugins/2D/Paper2D/Content/DummySprite.uasset" 359
"../../../Engine/Plugins/2D/Paper2D/Content/DummySprite.uexp" 360
"../../../Engine/Plugins/2D/Paper2D/Content/DefaultPaperTerrainMaterial.uexp" 361
"../../../Engine/Plugins/2D/Paper2D/Content/DefaultPaperTerrainMaterial.uasset" 362
"../../../Engine/Plugins/2D/Paper2D/Content/OpaqueUnlitSpriteMaterial.uasset" 363
"../../../Engine/Plugins/2D/Paper2D/Content/OpaqueUnlitSpriteMaterial.uexp" 364
"../../../Engine/Plugins/Animation/ControlRig/Content/M_Manip.uasset" 365
"../../../Engine/Plugins/Animation/ControlRig/Content/M_Manip.uexp" 366
"../../../Engine/Plugins/Animation/ControlRig/Content/Controls/ControlRig_Octagon_solid.uexp" 367
"../../../Engine/Plugins/Animation/ControlRig/Content/Controls/ControlRig_Octagon_solid.ubulk" 368
"../../../Engine/Plugins/Animation/ControlRig/Content/Controls/ControlRig_Octagon_solid.uasset" 369
"../../../Engine/Plugins/Animation/ControlRig/Content/Controls/ControlRig_Pyramid_solid.uexp" 370
"../../../Engine/Plugins/Animation/ControlRig/Content/Controls/ControlRig_Pyramid_solid.ubulk" 371
"../../../Engine/Plugins/Animation/ControlRig/Content/Controls/ControlRig_Pyramid_solid.uasset" 372
"../../../Engine/Plugins/Animation/ControlRig/Content/Controls/ControlRig_Wedge_solid.uexp" 373
"../../../Engine/Plugins/Animation/ControlRig/Content/Controls/ControlRig_Wedge_solid.ubulk" 374
"../../../Engine/Plugins/Animation/ControlRig/Content/Controls/ControlRig_Wedge_solid.uasset" 375
"../../../Engine/Plugins/Animation/ControlRig/Content/Controls/ControlRig_RoundedSquare_1mm.ubulk" 376
"../../../Engine/Plugins/Animation/ControlRig/Content/Controls/ControlRig_RoundedSquare_1mm.uexp" 377
"../../../Engine/Plugins/Animation/ControlRig/Content/Controls/ControlRig_RoundedSquare_1mm.uasset" 378
"../../../Engine/Plugins/Animation/ControlRig/Content/Controls/ControlRig_Star4_1mm.ubulk" 379
"../../../Engine/Plugins/Animation/ControlRig/Content/Controls/ControlRig_Star4_1mm.uexp" 380
"../../../Engine/Plugins/Animation/ControlRig/Content/Controls/ControlRig_Star4_1mm.uasset" 381
"../../../Engine/Plugins/Animation/ControlRig/Content/Controls/ControlRig_Hexagon_solid.ubulk" 382
"../../../Engine/Plugins/Animation/ControlRig/Content/Controls/ControlRig_Hexagon_solid.uexp" 383
"../../../Engine/Plugins/Animation/ControlRig/Content/Controls/ControlRig_Hexagon_solid.uasset" 384
"../../../Engine/Plugins/Animation/ControlRig/Content/Controls/ControlRig_Arrow_solid.ubulk" 385
"../../../Engine/Plugins/Animation/ControlRig/Content/Controls/ControlRig_Arrow_solid.uexp" 386
"../../../Engine/Plugins/Animation/ControlRig/Content/Controls/ControlRig_Arrow_solid.uasset" 387
"../../../Engine/Plugins/Animation/ControlRig/Content/Controls/ControlRig_Triangle_3mm.uasset" 388
"../../../Engine/Plugins/Animation/ControlRig/Content/Controls/ControlRig_Triangle_3mm.uexp" 389
"../../../Engine/Plugins/Animation/ControlRig/Content/Controls/ControlRig_Triangle_3mm.ubulk" 390
"../../../Engine/Plugins/Animation/ControlRig/Content/Controls/ControlRig_Box_solid.uasset" 391
"../../../Engine/Plugins/Animation/ControlRig/Content/Controls/ControlRig_Box_solid.ubulk" 392
"../../../Engine/Plugins/Animation/ControlRig/Content/Controls/ControlRig_Box_solid.uexp" 393
"../../../Engine/Plugins/Animation/ControlRig/Content/Controls/ControlRig_Wedge_3mm.uasset" 394
"../../../Engine/Plugins/Animation/ControlRig/Content/Controls/ControlRig_Wedge_3mm.ubulk" 395
"../../../Engine/Plugins/Animation/ControlRig/Content/Controls/ControlRig_Wedge_3mm.uexp" 396
"../../../Engine/Plugins/Animation/ControlRig/Content/Controls/ControlRig_HalfCircle_1mm.ubulk" 397
"../../../Engine/Plugins/Animation/ControlRig/Content/Controls/ControlRig_HalfCircle_1mm.uexp" 398
"../../../Engine/Plugins/Animation/ControlRig/Content/Controls/ControlRig_HalfCircle_1mm.uasset" 399
"../../../Engine/Plugins/Animation/ControlRig/Content/Controls/ControlRig_HalfCircle_solid.uexp" 400
"../../../Engine/Plugins/Animation/ControlRig/Content/Controls/ControlRig_HalfCircle_solid.ubulk" 401
"../../../Engine/Plugins/Animation/ControlRig/Content/Controls/ControlRig_HalfCircle_solid.uasset" 402
"../../../Engine/Plugins/Animation/ControlRig/Content/Controls/ControlRig_Arrow2_1mm.uexp" 403
"../../../Engine/Plugins/Animation/ControlRig/Content/Controls/ControlRig_Arrow2_1mm.ubulk" 404
"../../../Engine/Plugins/Animation/ControlRig/Content/Controls/ControlRig_Arrow2_1mm.uasset" 405
"../../../Engine/Plugins/Animation/ControlRig/Content/Controls/ControlRig_Octagon_3mm.uexp" 406
"../../../Engine/Plugins/Animation/ControlRig/Content/Controls/ControlRig_Octagon_3mm.ubulk" 407
"../../../Engine/Plugins/Animation/ControlRig/Content/Controls/ControlRig_Octagon_3mm.uasset" 408
"../../../Engine/Plugins/Animation/ControlRig/Content/Controls/ControlRig_Box_3mm.uexp" 409
"../../../Engine/Plugins/Animation/ControlRig/Content/Controls/ControlRig_Box_3mm.ubulk" 410
"../../../Engine/Plugins/Animation/ControlRig/Content/Controls/ControlRig_Box_3mm.uasset" 411
"../../../Engine/Plugins/Animation/ControlRig/Content/Controls/ControlRig_Sphere_1mm.uasset" 412
"../../../Engine/Plugins/Animation/ControlRig/Content/Controls/ControlRig_Sphere_1mm.uexp" 413
"../../../Engine/Plugins/Animation/ControlRig/Content/Controls/ControlRig_Sphere_1mm.ubulk" 414
"../../../Engine/Plugins/Animation/ControlRig/Content/Controls/ControlRig_Pyramid_3mm.uasset" 415
"../../../Engine/Plugins/Animation/ControlRig/Content/Controls/ControlRig_Pyramid_3mm.ubulk" 416
"../../../Engine/Plugins/Animation/ControlRig/Content/Controls/ControlRig_Pyramid_3mm.uexp" 417
"../../../Engine/Plugins/Animation/ControlRig/Content/Controls/ControlRig_QuarterCircle_3mm.ubulk" 418
"../../../Engine/Plugins/Animation/ControlRig/Content/Controls/ControlRig_QuarterCircle_3mm.uexp" 419
"../../../Engine/Plugins/Animation/ControlRig/Content/Controls/ControlRig_QuarterCircle_3mm.uasset" 420
"../../../Engine/Plugins/Animation/ControlRig/Content/Controls/ControlRig_Circle_1mm.ubulk" 421
"../../../Engine/Plugins/Animation/ControlRig/Content/Controls/ControlRig_Circle_1mm.uexp" 422
"../../../Engine/Plugins/Animation/ControlRig/Content/Controls/ControlRig_Circle_1mm.uasset" 423
"../../../Engine/Plugins/Animation/ControlRig/Content/Controls/ControlRig_RoundedTriangle_3mm.uasset" 424
"../../../Engine/Plugins/Animation/ControlRig/Content/Controls/ControlRig_RoundedTriangle_3mm.uexp" 425
"../../../Engine/Plugins/Animation/ControlRig/Content/Controls/ControlRig_RoundedTriangle_3mm.ubulk" 426
"../../../Engine/Plugins/Animation/ControlRig/Content/Controls/ControlRig_Triangle_solid.uasset" 427
"../../../Engine/Plugins/Animation/ControlRig/Content/Controls/ControlRig_Triangle_solid.ubulk" 428
"../../../Engine/Plugins/Animation/ControlRig/Content/Controls/ControlRig_Triangle_solid.uexp" 429
"../../../Engine/Plugins/Animation/ControlRig/Content/Controls/ControlRig_Diamond_1mm.uasset" 430
"../../../Engine/Plugins/Animation/ControlRig/Content/Controls/ControlRig_Diamond_1mm.uexp" 431
"../../../Engine/Plugins/Animation/ControlRig/Content/Controls/ControlRig_Diamond_1mm.ubulk" 432
"../../../Engine/Plugins/Animation/ControlRig/Content/Controls/ControlRig_Arrow2_solid.uasset" 433
"../../../Engine/Plugins/Animation/ControlRig/Content/Controls/ControlRig_Arrow2_solid.uexp" 434
"../../../Engine/Plugins/Animation/ControlRig/Content/Controls/ControlRig_Arrow2_solid.ubulk" 435
"../../../Engine/Plugins/Animation/ControlRig/Content/Controls/ControlRig_Arrow4_3mm.uasset" 436
"../../../Engine/Plugins/Animation/ControlRig/Content/Controls/ControlRig_Arrow4_3mm.ubulk" 437
"../../../Engine/Plugins/Animation/ControlRig/Content/Controls/ControlRig_Arrow4_3mm.uexp" 438
"../../../Engine/Plugins/Animation/ControlRig/Content/Controls/ControlRig_Hexagon_1mm.uasset" 439
"../../../Engine/Plugins/Animation/ControlRig/Content/Controls/ControlRig_Hexagon_1mm.uexp" 440
"../../../Engine/Plugins/Animation/ControlRig/Content/Controls/ControlRig_Hexagon_1mm.ubulk" 441
"../../../Engine/Plugins/Animation/ControlRig/Content/Controls/ControlRig_QuarterCircle_solid.uasset" 442
"../../../Engine/Plugins/Animation/ControlRig/Content/Controls/ControlRig_QuarterCircle_solid.ubulk" 443
"../../../Engine/Plugins/Animation/ControlRig/Content/Controls/ControlRig_QuarterCircle_solid.uexp" 444
"../../../Engine/Plugins/Animation/ControlRig/Content/Controls/ControlRig_Arrow_1mm.uasset" 445
"../../../Engine/Plugins/Animation/ControlRig/Content/Controls/ControlRig_Arrow_1mm.uexp" 446
"../../../Engine/Plugins/Animation/ControlRig/Content/Controls/ControlRig_Arrow_1mm.ubulk" 447
"../../../Engine/Plugins/Animation/ControlRig/Content/Controls/ControlRig_Square_1mm.ubulk" 448
"../../../Engine/Plugins/Animation/ControlRig/Content/Controls/ControlRig_Square_1mm.uexp" 449
"../../../Engine/Plugins/Animation/ControlRig/Content/Controls/ControlRig_Square_1mm.uasset" 450
"../../../Engine/Plugins/Animation/ControlRig/Content/Controls/ControlRig_Circle_solid.ubulk" 451
"../../../Engine/Plugins/Animation/ControlRig/Content/Controls/ControlRig_Circle_solid.uexp" 452
"../../../Engine/Plugins/Animation/ControlRig/Content/Controls/ControlRig_Circle_solid.uasset" 453
"../../../Engine/Plugins/Animation/ControlRig/Content/Controls/ControlRig_Arrow4_solid.uexp" 454
"../../../Engine/Plugins/Animation/ControlRig/Content/Controls/ControlRig_Arrow4_solid.uasset" 455
"../../../Engine/Plugins/Animation/ControlRig/Content/Controls/ControlRig_Arrow4_solid.ubulk" 456
"../../../Engine/Plugins/Animation/ControlRig/Content/Controls/ControlRig_RoundedSquare_solid.uexp" 457
"../../../Engine/Plugins/Animation/ControlRig/Content/Controls/ControlRig_RoundedSquare_solid.ubulk" 458
"../../../Engine/Plugins/Animation/ControlRig/Content/Controls/ControlRig_RoundedSquare_solid.uasset" 459
"../../../Engine/Plugins/Animation/ControlRig/Content/Controls/ControlRig_Star4_solid.uasset" 460
"../../../Engine/Plugins/Animation/ControlRig/Content/Controls/ControlRig_Star4_solid.uexp" 461
"../../../Engine/Plugins/Animation/ControlRig/Content/Controls/ControlRig_Star4_solid.ubulk" 462
"../../../Engine/Plugins/Animation/ControlRig/Content/Controls/ControlRig_Diamond_solid.uexp" 463
"../../../Engine/Plugins/Animation/ControlRig/Content/Controls/ControlRig_Diamond_solid.ubulk" 464
"../../../Engine/Plugins/Animation/ControlRig/Content/Controls/ControlRig_Diamond_solid.uasset" 465
"../../../Engine/Plugins/Animation/ControlRig/Content/Controls/ControlRig_Arrow2_3mm.uasset" 466
"../../../Engine/Plugins/Animation/ControlRig/Content/Controls/ControlRig_Arrow2_3mm.ubulk" 467
"../../../Engine/Plugins/Animation/ControlRig/Content/Controls/ControlRig_Arrow2_3mm.uexp" 468
"../../../Engine/Plugins/Animation/ControlRig/Content/Controls/ControlRig_Box_1mm.ubulk" 469
"../../../Engine/Plugins/Animation/ControlRig/Content/Controls/ControlRig_Box_1mm.uexp" 470
"../../../Engine/Plugins/Animation/ControlRig/Content/Controls/ControlRig_Box_1mm.uasset" 471
"../../../Engine/Plugins/Animation/ControlRig/Content/Controls/ControlRig_Octagon_1mm.uasset" 472
"../../../Engine/Plugins/Animation/ControlRig/Content/Controls/ControlRig_Octagon_1mm.ubulk" 473
"../../../Engine/Plugins/Animation/ControlRig/Content/Controls/ControlRig_Octagon_1mm.uexp" 474
"../../../Engine/Plugins/Animation/ControlRig/Content/Controls/ControlRig_Sphere_3mm.uasset" 475
"../../../Engine/Plugins/Animation/ControlRig/Content/Controls/ControlRig_Sphere_3mm.uexp" 476
"../../../Engine/Plugins/Animation/ControlRig/Content/Controls/ControlRig_Sphere_3mm.ubulk" 477
"../../../Engine/Plugins/Animation/ControlRig/Content/Controls/ControlRig_Triangle_1mm.uasset" 478
"../../../Engine/Plugins/Animation/ControlRig/Content/Controls/ControlRig_Triangle_1mm.uexp" 479
"../../../Engine/Plugins/Animation/ControlRig/Content/Controls/ControlRig_Triangle_1mm.ubulk" 480
"../../../Engine/Plugins/Animation/ControlRig/Content/Controls/ControlRig_RoundedTriangle_solid.ubulk" 481
"../../../Engine/Plugins/Animation/ControlRig/Content/Controls/ControlRig_RoundedTriangle_solid.uasset" 482
"../../../Engine/Plugins/Animation/ControlRig/Content/Controls/ControlRig_RoundedTriangle_solid.uexp" 483
"../../../Engine/Plugins/Animation/ControlRig/Content/Controls/ControlRig_HalfCircle_3mm.uasset" 484
"../../../Engine/Plugins/Animation/ControlRig/Content/Controls/ControlRig_HalfCircle_3mm.uexp" 485
"../../../Engine/Plugins/Animation/ControlRig/Content/Controls/ControlRig_HalfCircle_3mm.ubulk" 486
"../../../Engine/Plugins/Animation/ControlRig/Content/Controls/ControlRig_Wedge_1mm.uasset" 487
"../../../Engine/Plugins/Animation/ControlRig/Content/Controls/ControlRig_Wedge_1mm.ubulk" 488
"../../../Engine/Plugins/Animation/ControlRig/Content/Controls/ControlRig_Wedge_1mm.uexp" 489
"../../../Engine/Plugins/Animation/ControlRig/Content/Controls/DefaultGizmoLibraryNormalized.uexp" 490
"../../../Engine/Plugins/Animation/ControlRig/Content/Controls/DefaultGizmoLibraryNormalized.uasset" 491
"../../../Engine/Plugins/Animation/ControlRig/Content/Controls/ControlRig_RoundedSquare_3mm.uasset" 492
"../../../Engine/Plugins/Animation/ControlRig/Content/Controls/ControlRig_RoundedSquare_3mm.ubulk" 493
"../../../Engine/Plugins/Animation/ControlRig/Content/Controls/ControlRig_RoundedSquare_3mm.uexp" 494
"../../../Engine/Plugins/Animation/ControlRig/Content/Controls/ControlRig_Star4_3mm.uasset" 495
"../../../Engine/Plugins/Animation/ControlRig/Content/Controls/ControlRig_Star4_3mm.uexp" 496
"../../../Engine/Plugins/Animation/ControlRig/Content/Controls/ControlRig_Star4_3mm.ubulk" 497
"../../../Engine/Plugins/Animation/ControlRig/Content/Controls/ControlRig_Square_3mm.uexp" 498
"../../../Engine/Plugins/Animation/ControlRig/Content/Controls/ControlRig_Square_3mm.ubulk" 499
"../../../Engine/Plugins/Animation/ControlRig/Content/Controls/ControlRig_Square_3mm.uasset" 500
"../../../Engine/Plugins/Animation/ControlRig/Content/Controls/ControlRig_Sphere_solid.uexp" 501
"../../../Engine/Plugins/Animation/ControlRig/Content/Controls/ControlRig_Sphere_solid.uasset" 502
"../../../Engine/Plugins/Animation/ControlRig/Content/Controls/ControlRig_Sphere_solid.ubulk" 503
"../../../Engine/Plugins/Animation/ControlRig/Content/Controls/ControlRig_Hexagon_3mm.uexp" 504
"../../../Engine/Plugins/Animation/ControlRig/Content/Controls/ControlRig_Hexagon_3mm.uasset" 505
"../../../Engine/Plugins/Animation/ControlRig/Content/Controls/ControlRig_Hexagon_3mm.ubulk" 506
"../../../Engine/Plugins/Animation/ControlRig/Content/Controls/ControlRig_Arrow_3mm.uexp" 507
"../../../Engine/Plugins/Animation/ControlRig/Content/Controls/ControlRig_Arrow_3mm.uasset" 508
"../../../Engine/Plugins/Animation/ControlRig/Content/Controls/ControlRig_Arrow_3mm.ubulk" 509
"../../../Engine/Plugins/Animation/ControlRig/Content/Controls/ControlRig_Diamond_3mm.ubulk" 510
"../../../Engine/Plugins/Animation/ControlRig/Content/Controls/ControlRig_Diamond_3mm.uasset" 511
"../../../Engine/Plugins/Animation/ControlRig/Content/Controls/ControlRig_Diamond_3mm.uexp" 512
"../../../Engine/Plugins/Animation/ControlRig/Content/Controls/ControlRig_Square_solid.uexp" 513
"../../../Engine/Plugins/Animation/ControlRig/Content/Controls/ControlRig_Square_solid.uasset" 514
"../../../Engine/Plugins/Animation/ControlRig/Content/Controls/ControlRig_Square_solid.ubulk" 515
"../../../Engine/Plugins/Animation/ControlRig/Content/Controls/ControlRig_Arrow4_1mm.ubulk" 516
"../../../Engine/Plugins/Animation/ControlRig/Content/Controls/ControlRig_Arrow4_1mm.uasset" 517
"../../../Engine/Plugins/Animation/ControlRig/Content/Controls/ControlRig_Arrow4_1mm.uexp" 518
"../../../Engine/Plugins/Animation/ControlRig/Content/Controls/ControlRig_Pyramid_1mm.ubulk" 519
"../../../Engine/Plugins/Animation/ControlRig/Content/Controls/ControlRig_Pyramid_1mm.uasset" 520
"../../../Engine/Plugins/Animation/ControlRig/Content/Controls/ControlRig_Pyramid_1mm.uexp" 521
"../../../Engine/Plugins/Animation/ControlRig/Content/Controls/ControlRig_QuarterCircle_1mm.uexp" 522
"../../../Engine/Plugins/Animation/ControlRig/Content/Controls/ControlRig_QuarterCircle_1mm.uasset" 523
"../../../Engine/Plugins/Animation/ControlRig/Content/Controls/ControlRig_QuarterCircle_1mm.ubulk" 524
"../../../Engine/Plugins/Animation/ControlRig/Content/Controls/ControlRig_Circle_3mm.ubulk" 525
"../../../Engine/Plugins/Animation/ControlRig/Content/Controls/ControlRig_Circle_3mm.uasset" 526
"../../../Engine/Plugins/Animation/ControlRig/Content/Controls/ControlRig_Circle_3mm.uexp" 527
"../../../Engine/Plugins/Animation/ControlRig/Content/Controls/ControlRig_RoundedTriangle_1mm.uexp" 528
"../../../Engine/Plugins/Animation/ControlRig/Content/Controls/ControlRig_RoundedTriangle_1mm.uasset" 529
"../../../Engine/Plugins/Animation/ControlRig/Content/Controls/ControlRig_RoundedTriangle_1mm.ubulk" 530
"../../../Engine/Plugins/Animation/ControlRig/Content/Controls/ControlRigGizmoMaterial.uasset" 531
"../../../Engine/Plugins/Animation/ControlRig/Content/Controls/ControlRigGizmoMaterial.uexp" 532
"../../../Engine/Plugins/Editor/SpeedTreeImporter/Content/SpeedTree9/game_wind_noise.uexp" 533
"../../../Engine/Plugins/Editor/SpeedTreeImporter/Content/SpeedTree9/game_wind_noise.uasset" 534
"../../../Engine/Plugins/Editor/SpeedTreeImporter/Content/SpeedTree9/game_wind_noise.ubulk" 535
"../../../Engine/Plugins/Editor/SpeedTreeImporter/Content/SpeedTree9/UnpackDirection.uexp" 536
"../../../Engine/Plugins/Editor/SpeedTreeImporter/Content/SpeedTree9/UnpackDirection.uasset" 537
"../../../Engine/Content/Functions/Engine_MaterialFunctions02/ObjectLocalBounds.uasset" 538
"../../../Engine/Content/Functions/Engine_MaterialFunctions02/ObjectLocalBounds.uexp" 539
"../../../Engine/Content/Functions/Engine_MaterialFunctions02/UVs/BoundingBoxBased_0-1_UVW.uexp" 540
"../../../Engine/Content/Functions/Engine_MaterialFunctions02/UVs/BoundingBoxBased_0-1_UVW.uasset" 541
"../../../Engine/Content/Functions/Engine_MaterialFunctions02/Utility/VectorLength.uexp" 542
"../../../Engine/Content/Functions/Engine_MaterialFunctions02/Utility/VectorLength.uasset" 543
"../../../Engine/Plugins/Editor/SpeedTreeImporter/Content/SpeedTree9/UnpackInteger3.uexp" 544
"../../../Engine/Plugins/Editor/SpeedTreeImporter/Content/SpeedTree9/UnpackInteger3.uasset" 545
"../../../Engine/Plugins/Editor/SpeedTreeImporter/Content/SpeedTree9/SpeedTreeCameraFacing.uasset" 546
"../../../Engine/Plugins/Editor/SpeedTreeImporter/Content/SpeedTree9/SpeedTreeCameraFacing.uexp" 547
"../../../Engine/Content/Functions/Engine_MaterialFunctions02/WorldPositionOffset/ObjectScale.uexp" 548
"../../../Engine/Content/Functions/Engine_MaterialFunctions02/WorldPositionOffset/ObjectScale.uasset" 549
"../../../Engine/Content/Functions/Engine_MaterialFunctions02/SafeNormalize.uasset" 550
"../../../Engine/Content/Functions/Engine_MaterialFunctions02/SafeNormalize.uexp" 551
"../../../Engine/Plugins/Editor/SpeedTreeImporter/Content/SpeedTree9/SpeedTreeWindMotion.uexp" 552
"../../../Engine/Plugins/Editor/SpeedTreeImporter/Content/SpeedTree9/SpeedTreeWindMotion.uasset" 553
"../../../Engine/Plugins/Editor/SpeedTreeImporter/Content/SpeedTree9/SpeedTreeBranchMotion.uexp" 554
"../../../Engine/Plugins/Editor/SpeedTreeImporter/Content/SpeedTree9/SpeedTreeBranchMotion.uasset" 555
"../../../Engine/Plugins/Editor/SpeedTreeImporter/Content/SpeedTree9/SpeedTreeWind.uasset" 556
"../../../Engine/Plugins/Editor/SpeedTreeImporter/Content/SpeedTree9/SpeedTreeWind.uexp" 557
"../../../Engine/Plugins/Editor/SpeedTreeImporter/Content/SpeedTree9/EmptyNormal.uasset" 558
"../../../Engine/Plugins/Editor/SpeedTreeImporter/Content/SpeedTree9/EmptyNormal.uexp" 559
"../../../Engine/Plugins/Editor/SpeedTreeImporter/Content/SpeedTree9/Empty.uasset" 560
"../../../Engine/Plugins/Editor/SpeedTreeImporter/Content/SpeedTree9/Empty.uexp" 561
"../../../Engine/Plugins/Editor/SpeedTreeImporter/Content/SpeedTree9/SpeedTreeMaster.uexp" 562
"../../../Engine/Plugins/Editor/SpeedTreeImporter/Content/SpeedTree9/SpeedTreeMaster.uasset" 563
"../../../Engine/Plugins/Editor/SpeedTreeImporter/Content/SpeedTree9/SpeedTreeBillboard.uexp" 564
"../../../Engine/Plugins/Editor/SpeedTreeImporter/Content/SpeedTree9/SpeedTreeBillboard.uasset" 565
"../../../Engine/Plugins/Editor/SpeedTreeImporter/Content/SpeedTree9/SpeedTreeBillboardMaster.uasset" 566
"../../../Engine/Plugins/Editor/SpeedTreeImporter/Content/SpeedTree9/SpeedTreeBillboardMaster.uexp" 567
"../../../Engine/Plugins/Runtime/HairStrands/Content/Materials/HairCardsDefaultMaterial.uexp" 568
"../../../Engine/Plugins/Runtime/HairStrands/Content/Materials/HairCardsDefaultMaterial.uasset" 569
"../../../Engine/Plugins/Runtime/HairStrands/Content/Materials/HairGroupColors.uexp" 570
"../../../Engine/Plugins/Runtime/HairStrands/Content/Materials/HairGroupColors.uasset" 571
"../../../Engine/Content/EngineMaterials/HairColorMap.uasset" 572
"../../../Engine/Content/EngineMaterials/HairColorMap.uexp" 573
"../../../Engine/Content/EngineMaterials/HairDebugColor.uexp" 574
"../../../Engine/Content/EngineMaterials/HairDebugColor.uasset" 575
"../../../Engine/Plugins/Runtime/HairStrands/Content/Materials/HairDebugMaterial.uexp" 576
"../../../Engine/Plugins/Runtime/HairStrands/Content/Materials/HairDebugMaterial.uasset" 577
"../../../Engine/Plugins/Runtime/HairStrands/Content/Materials/HairDefaultMaterial.uasset" 578
"../../../Engine/Plugins/Runtime/HairStrands/Content/Materials/HairDefaultMaterial.uexp" 579
"../../../Engine/Plugins/Runtime/HairStrands/Content/Materials/HairMeshesDefaultMaterial.uasset" 580
"../../../Engine/Plugins/Runtime/HairStrands/Content/Materials/HairMeshesDefaultMaterial.uexp" 581
"/Users/rdiaz/GameDev/Unreal/FartyBird/Content/Sprites/BG_Sky.uexp" 582
"/Users/rdiaz/GameDev/Unreal/FartyBird/Content/Sprites/BG_Sky.uasset" 583
"/Users/rdiaz/GameDev/Unreal/FartyBird/Content/Sprites/BG_Sky_Sprite.uasset" 584
"/Users/rdiaz/GameDev/Unreal/FartyBird/Content/Sprites/BG_Sky_Sprite.uexp" 585
"/Users/rdiaz/GameDev/Unreal/FartyBird/Content/Main_BuiltData.ubulk" 586
"/Users/rdiaz/GameDev/Unreal/FartyBird/Content/Main_BuiltData.uexp" 587
"/Users/rdiaz/GameDev/Unreal/FartyBird/Content/Main_BuiltData.uasset" 588
"../../../Engine/Content/EngineSky/T_Sky_Stars.uasset" 589
"../../../Engine/Content/EngineSky/T_Sky_Stars.ubulk" 590
"../../../Engine/Content/EngineSky/T_Sky_Stars.uexp" 591
"../../../Engine/Content/EngineSky/T_Sky_Clouds_M.ubulk" 592
"../../../Engine/Content/EngineSky/T_Sky_Clouds_M.uasset" 593
"../../../Engine/Content/EngineSky/T_Sky_Clouds_M.uexp" 594
"../../../Engine/Content/EngineSky/T_Sky_Blue.uasset" 595
"../../../Engine/Content/EngineSky/T_Sky_Blue.uexp" 596
"../../../Engine/Content/EngineSky/T_Sky_Blue.ubulk" 597
"../../../Engine/Content/EngineSky/M_Sky_Panning_Clouds2.uexp" 598
"../../../Engine/Content/EngineSky/M_Sky_Panning_Clouds2.uasset" 599
"../../../Engine/Content/EngineSky/SM_SkySphere.ubulk" 600
"../../../Engine/Content/EngineSky/SM_SkySphere.uasset" 601
"../../../Engine/Content/EngineSky/SM_SkySphere.uexp" 602
"/Users/rdiaz/GameDev/Unreal/FartyBird/Content/Audio/game_over.uasset" 603
"/Users/rdiaz/GameDev/Unreal/FartyBird/Content/Audio/game_over.ubulk" 604
"/Users/rdiaz/GameDev/Unreal/FartyBird/Content/Audio/game_over.uexp" 605
"/Users/rdiaz/GameDev/Unreal/FartyBird/Content/Audio/Fart05.uexp" 606
"/Users/rdiaz/GameDev/Unreal/FartyBird/Content/Audio/Fart05.uasset" 607
"/Users/rdiaz/GameDev/Unreal/FartyBird/Content/Audio/Fart05.ubulk" 608
"/Users/rdiaz/GameDev/Unreal/FartyBird/Content/Audio/Fart06.uasset" 609
"/Users/rdiaz/GameDev/Unreal/FartyBird/Content/Audio/Fart06.ubulk" 610
"/Users/rdiaz/GameDev/Unreal/FartyBird/Content/Audio/Fart06.uexp" 611
"/Users/rdiaz/GameDev/Unreal/FartyBird/Content/Audio/Fart01.uexp" 612
"/Users/rdiaz/GameDev/Unreal/FartyBird/Content/Audio/Fart01.uasset" 613
"/Users/rdiaz/GameDev/Unreal/FartyBird/Content/Audio/Fart01.ubulk" 614
"/Users/rdiaz/GameDev/Unreal/FartyBird/Content/Audio/Fart03.uasset" 615
"/Users/rdiaz/GameDev/Unreal/FartyBird/Content/Audio/Fart03.uexp" 616
"/Users/rdiaz/GameDev/Unreal/FartyBird/Content/Audio/Fart03.ubulk" 617
"/Users/rdiaz/GameDev/Unreal/FartyBird/Content/Audio/Fart08.uexp" 618
"/Users/rdiaz/GameDev/Unreal/FartyBird/Content/Audio/Fart08.ubulk" 619
"/Users/rdiaz/GameDev/Unreal/FartyBird/Content/Audio/Fart08.uasset" 620
"/Users/rdiaz/GameDev/Unreal/FartyBird/Content/Audio/Fart07.uexp" 621
"/Users/rdiaz/GameDev/Unreal/FartyBird/Content/Audio/Fart07.uasset" 622
"/Users/rdiaz/GameDev/Unreal/FartyBird/Content/Audio/Fart07.ubulk" 623
"/Users/rdiaz/GameDev/Unreal/FartyBird/Content/Audio/Fart04.ubulk" 624
"/Users/rdiaz/GameDev/Unreal/FartyBird/Content/Audio/Fart04.uexp" 625
"/Users/rdiaz/GameDev/Unreal/FartyBird/Content/Audio/Fart04.uasset" 626
"/Users/rdiaz/GameDev/Unreal/FartyBird/Content/Audio/Fart02.ubulk" 627
"/Users/rdiaz/GameDev/Unreal/FartyBird/Content/Audio/Fart02.uexp" 628
"/Users/rdiaz/GameDev/Unreal/FartyBird/Content/Audio/Fart02.uasset" 629
"/Users/rdiaz/GameDev/Unreal/FartyBird/Content/Audio/Fart.uexp" 630
"/Users/rdiaz/GameDev/Unreal/FartyBird/Content/Audio/Fart.uasset" 631
"../../../Engine/Content/EditorBlueprintResources/StandardMacros.uasset" 632
"../../../Engine/Content/EditorBlueprintResources/StandardMacros.uexp" 633
"/Users/rdiaz/GameDev/Unreal/FartyBird/Content/Audio/FartDie.ubulk" 634
"/Users/rdiaz/GameDev/Unreal/FartyBird/Content/Audio/FartDie.uasset" 635
"/Users/rdiaz/GameDev/Unreal/FartyBird/Content/Audio/FartDie.uexp" 636
"../../../Engine/Plugins/2D/Paper2D/Content/TranslucentUnlitSpriteMaterial.uexp" 637
"../../../Engine/Plugins/2D/Paper2D/Content/TranslucentUnlitSpriteMaterial.uasset" 638
"/Users/rdiaz/GameDev/Unreal/FartyBird/Content/Sprites/SpriteSheet3.uasset" 639
"/Users/rdiaz/GameDev/Unreal/FartyBird/Content/Sprites/SpriteSheet3.uexp" 640
"/Users/rdiaz/GameDev/Unreal/FartyBird/Content/Sprites/SpriteSheet3_Sprite_0.uexp" 641
"/Users/rdiaz/GameDev/Unreal/FartyBird/Content/Sprites/SpriteSheet3_Sprite_0.uasset" 642
"/Users/rdiaz/GameDev/Unreal/FartyBird/Content/Sprites/SpriteSheet3_Sprite_1.uasset" 643
"/Users/rdiaz/GameDev/Unreal/FartyBird/Content/Sprites/SpriteSheet3_Sprite_1.uexp" 644
"/Users/rdiaz/GameDev/Unreal/FartyBird/Content/Blueprints/BP_Character.uasset" 645
"/Users/rdiaz/GameDev/Unreal/FartyBird/Content/Blueprints/BP_Character.uexp" 646
"/Users/rdiaz/GameDev/Unreal/FartyBird/Content/Audio/fb-music.uasset" 647
"/Users/rdiaz/GameDev/Unreal/FartyBird/Content/Audio/fb-music.ubulk" 648
"/Users/rdiaz/GameDev/Unreal/FartyBird/Content/Audio/fb-music.uexp" 649
"/Users/rdiaz/GameDev/Unreal/FartyBird/Content/Audio/Music.uasset" 650
"/Users/rdiaz/GameDev/Unreal/FartyBird/Content/Audio/Music.uexp" 651
"/Users/rdiaz/GameDev/Unreal/FartyBird/Content/UI/farty_bird.uasset" 652
"/Users/rdiaz/GameDev/Unreal/FartyBird/Content/UI/farty_bird.uexp" 653
"/Users/rdiaz/GameDev/Unreal/FartyBird/Content/UI/ScoreInterface.uasset" 654
"/Users/rdiaz/GameDev/Unreal/FartyBird/Content/UI/ScoreInterface.uexp" 655
"/Users/rdiaz/GameDev/Unreal/FartyBird/Content/Blueprints/BP_GameMode.uasset" 656
"/Users/rdiaz/GameDev/Unreal/FartyBird/Content/Blueprints/BP_GameMode.uexp" 657
"/Users/rdiaz/GameDev/Unreal/FartyBird/Content/Audio/point.ubulk" 658
"/Users/rdiaz/GameDev/Unreal/FartyBird/Content/Audio/point.uexp" 659
"/Users/rdiaz/GameDev/Unreal/FartyBird/Content/Audio/point.uasset" 660
"/Users/rdiaz/GameDev/Unreal/FartyBird/Content/Sprites/TreeTrunkHalfRes.uasset" 661
"/Users/rdiaz/GameDev/Unreal/FartyBird/Content/Sprites/TreeTrunkHalfRes.uexp" 662
"/Users/rdiaz/GameDev/Unreal/FartyBird/Content/Sprites/TreeTrunkHalfRes_Sprite.uexp" 663
"/Users/rdiaz/GameDev/Unreal/FartyBird/Content/Sprites/TreeTrunkHalfRes_Sprite.uasset" 664
"/Users/rdiaz/GameDev/Unreal/FartyBird/Content/Sprites/Bean.uasset" 665
"/Users/rdiaz/GameDev/Unreal/FartyBird/Content/Sprites/Bean.uexp" 666
"/Users/rdiaz/GameDev/Unreal/FartyBird/Content/Sprites/Bean_Sprite_0.uexp" 667
"/Users/rdiaz/GameDev/Unreal/FartyBird/Content/Sprites/Bean_Sprite_0.uasset" 668
"/Users/rdiaz/GameDev/Unreal/FartyBird/Content/Blueprints/BP_Obstacle.uexp" 669
"/Users/rdiaz/GameDev/Unreal/FartyBird/Content/Blueprints/BP_Obstacle.uasset" 670
"/Users/rdiaz/GameDev/Unreal/FartyBird/Content/Blueprints/BP_ObstableSpawner.uexp" 671
"/Users/rdiaz/GameDev/Unreal/FartyBird/Content/Blueprints/BP_ObstableSpawner.uasset" 672
"../../../Engine/Content/EngineSky/M_SimpleSkyDome.uasset" 673
"../../../Engine/Content/EngineSky/M_SimpleSkyDome.uexp" 674
"/Users/rdiaz/GameDev/Unreal/FartyBird/Content/Sprites/BG_Trees.uasset" 675
"/Users/rdiaz/GameDev/Unreal/FartyBird/Content/Sprites/BG_Trees.uexp" 676
"/Users/rdiaz/GameDev/Unreal/FartyBird/Content/Materials/Trees.uexp" 677
"/Users/rdiaz/GameDev/Unreal/FartyBird/Content/Materials/Trees.uasset" 678
"../../../Engine/Content/BasicShapes/Plane.ubulk" 679
"../../../Engine/Content/BasicShapes/Plane.uasset" 680
"../../../Engine/Content/BasicShapes/Plane.uexp" 681
"/Users/rdiaz/GameDev/Unreal/FartyBird/Content/Materials/Sky.uexp" 682
"/Users/rdiaz/GameDev/Unreal/FartyBird/Content/Materials/Sky.uasset" 683
"/Users/rdiaz/GameDev/Unreal/FartyBird/Content/Blueprints/BP_Background.uexp" 684
"/Users/rdiaz/GameDev/Unreal/FartyBird/Content/Blueprints/BP_Background.uasset" 685
"/Users/rdiaz/GameDev/Unreal/FartyBird/Content/Main.uexp" 686
"/Users/rdiaz/GameDev/Unreal/FartyBird/Content/Main.umap" 687
"../../../Engine/Content/Maps/Entry_BuiltData.uexp" 688
"../../../Engine/Content/Maps/Entry_BuiltData.uasset" 689
"../../../Engine/Content/Maps/Entry.umap" 690
"../../../Engine/Content/Maps/Entry.uexp" 691
